\BOOKMARK [0][-]{chapter*.1}{ACKNOWLEDGMENTS}{}
\BOOKMARK [0][-]{tableofcontents.0}{TABLE OF CONTENTS}{}
\BOOKMARK [0][-]{chapter*.3}{LIST OF TABLES}{}
\BOOKMARK [0][-]{chapter*.4}{LIST OF FIGURES}{}
\BOOKMARK [0][-]{chapter*.5}{LIST OF SYMBOLS}{}
\BOOKMARK [0][-]{section*.6}{ABSTRACT}{}
\BOOKMARK [0][-]{chapter.1}{Purpose of this work}{}
\BOOKMARK [0][-]{chapter.2}{The Search for Gravitational Waves}{}
\BOOKMARK [1][-]{section.2.1}{The theory of gravitational radiation}{chapter.2}
\BOOKMARK [1][-]{section.2.2}{Sources}{chapter.2}
\BOOKMARK [1][-]{section.2.3}{Methods of detection}{chapter.2}
\BOOKMARK [1][-]{section.2.4}{State of ground-based interferometry}{chapter.2}
\BOOKMARK [0][-]{chapter.3}{Laser interferometers for gravitational-wave detection}{}
\BOOKMARK [1][-]{section.3.1}{Signal versus noise}{chapter.3}
\BOOKMARK [2][-]{subsection.3.1.1}{Displacement noise}{section.3.1}
\BOOKMARK [2][-]{subsection.3.1.2}{Sensing noise}{section.3.1}
\BOOKMARK [1][-]{section.3.2}{Power-recycled Fabry-Perot Michelson}{chapter.3}
\BOOKMARK [1][-]{section.3.3}{Measuring GW strain with light}{chapter.3}
\BOOKMARK [2][-]{subsection.3.3.1}{Light as a photon}{section.3.3}
\BOOKMARK [2][-]{subsection.3.3.2}{Light as a wave}{section.3.3}
\BOOKMARK [1][-]{section.3.4}{Power Recycled Michelson Interferometers}{chapter.3}
\BOOKMARK [1][-]{section.3.5}{More Laser Power}{chapter.3}
\BOOKMARK [1][-]{section.3.6}{Digital Control in LIGO}{chapter.3}
\BOOKMARK [0][-]{chapter.4}{Angular mirror motion}{}
\BOOKMARK [1][-]{section.4.1}{Introduction}{chapter.4}
\BOOKMARK [1][-]{section.4.2}{The mirrors as torsion pendula}{chapter.4}
\BOOKMARK [2][-]{subsection.4.2.1}{Torque to angle transfer function}{section.4.2}
\BOOKMARK [1][-]{section.4.3}{Seismic noise torque}{chapter.4}
\BOOKMARK [1][-]{section.4.4}{Actuation noise torque}{chapter.4}
\BOOKMARK [1][-]{section.4.5}{Radiation pressure torque}{chapter.4}
\BOOKMARK [2][-]{subsection.4.5.1}{Tilt eigenmodes of a Fabry-Perot cavity}{section.4.5}
\BOOKMARK [2][-]{subsection.4.5.2}{Soft and hard modes}{section.4.5}
\BOOKMARK [2][-]{subsection.4.5.3}{Stability}{section.4.5}
\BOOKMARK [1][-]{section.4.6}{How much suppression is necessary?}{chapter.4}
\BOOKMARK [1][-]{section.4.7}{Appendix xx--misaligned cavity axis}{chapter.4}
\BOOKMARK [0][-]{chapter.5}{Sensing and controlling mirror motion in the radiation pressure eigenbasis}{}
\BOOKMARK [1][-]{section.5.1}{Introduction}{chapter.5}
\BOOKMARK [1][-]{section.5.2}{Sensing}{chapter.5}
\BOOKMARK [2][-]{subsection.5.2.1}{OSEMs}{section.5.2}
\BOOKMARK [2][-]{subsection.5.2.2}{Optical levers}{section.5.2}
\BOOKMARK [2][-]{subsection.5.2.3}{Camera image}{section.5.2}
\BOOKMARK [2][-]{subsection.5.2.4}{QPDs}{section.5.2}
\BOOKMARK [2][-]{subsection.5.2.5}{WFSs}{section.5.2}
\BOOKMARK [1][-]{section.5.3}{Control}{chapter.5}
\BOOKMARK [1][-]{section.5.4}{Sensor noise and noise contribution to DARM}{chapter.5}
\BOOKMARK [1][-]{section.5.5}{Solving the noise problem with the eigenbasis}{chapter.5}
\BOOKMARK [1][-]{section.5.6}{ASC to DARM noisebudget}{chapter.5}
\BOOKMARK [1][-]{section.5.7}{Beam spot motion}{chapter.5}
\BOOKMARK [1][-]{section.5.8}{Heating related measurements}{chapter.5}
\BOOKMARK [1][-]{section.5.9}{DC readout related measurements}{chapter.5}
\BOOKMARK [1][-]{section.5.10}{ASC noisebudget}{chapter.5}
\BOOKMARK [0][-]{chapter.6}{Experimental measurement of the Sidles-Sigg effect}{}
\BOOKMARK [1][-]{section.6.1}{Measured modes}{chapter.6}
\BOOKMARK [0][-]{chapter.7}{Summary}{}
\BOOKMARK [0][-]{chapter*.7}{REFERENCES}{}
\BOOKMARK [0][-]{chapter*.8}{BIOGRAPHICAL SKETCH}{}
